[debug] [2026-03-23T23:13:55.223Z] Checked if tokens are valid: true, expires at: 1774311233181
[debug] [2026-03-23T23:13:55.227Z] Checked if tokens are valid: true, expires at: 1774311233181
[debug] [2026-03-23T23:13:55.228Z] Checked if tokens are valid: true, expires at: 1774311233181
[debug] [2026-03-23T23:13:55.229Z] Checked if tokens are valid: true, expires at: 1774311233181
[debug] [2026-03-23T23:13:55.230Z] Checked if tokens are valid: true, expires at: 1774311233181
[debug] [2026-03-23T23:13:55.230Z] Checked if tokens are valid: true, expires at: 1774311233181
[debug] [2026-03-23T23:13:55.231Z] Checked if tokens are valid: true, expires at: 1774311233181
[debug] [2026-03-23T23:13:55.231Z] Checked if tokens are valid: true, expires at: 1774311233181
[debug] [2026-03-23T23:13:55.231Z] Checked if tokens are valid: true, expires at: 1774311233181
[debug] [2026-03-23T23:13:55.231Z] Checked if tokens are valid: true, expires at: 1774311233181
[debug] [2026-03-23T23:13:55.233Z] >>> [apiv2][query] GET https://serviceusage.googleapis.com/v1/projects/novlume-mac/services/ [none]
[debug] [2026-03-23T23:13:55.233Z] >>> [apiv2][(partial)header] GET https://serviceusage.googleapis.com/v1/projects/novlume-mac/services/ x-goog-quota-user=projects/novlume-mac
[debug] [2026-03-23T23:13:55.255Z] >>> [apiv2][query] GET https://serviceusage.googleapis.com/v1/projects/novlume-mac/services/firebasedataconnect.googleapis.com [none]
[debug] [2026-03-23T23:13:55.255Z] >>> [apiv2][(partial)header] GET https://serviceusage.googleapis.com/v1/projects/novlume-mac/services/firebasedataconnect.googleapis.com x-goog-quota-user=projects/novlume-mac
[debug] [2026-03-23T23:13:55.257Z] >>> [apiv2][query] GET https://serviceusage.googleapis.com/v1/projects/novlume-mac/services/firebasecrashlytics.googleapis.com [none]
[debug] [2026-03-23T23:13:55.257Z] >>> [apiv2][(partial)header] GET https://serviceusage.googleapis.com/v1/projects/novlume-mac/services/firebasecrashlytics.googleapis.com x-goog-quota-user=projects/novlume-mac
[debug] [2026-03-23T23:13:55.258Z] >>> [apiv2][query] GET https://serviceusage.googleapis.com/v1/projects/novlume-mac/services/firebaseapphosting.googleapis.com [none]
[debug] [2026-03-23T23:13:55.258Z] >>> [apiv2][(partial)header] GET https://serviceusage.googleapis.com/v1/projects/novlume-mac/services/firebaseapphosting.googleapis.com x-goog-quota-user=projects/novlume-mac
[debug] [2026-03-23T23:13:55.260Z] >>> [apiv2][query] GET https://serviceusage.googleapis.com/v1/projects/novlume-mac/services/firebaseio.com [none]
[debug] [2026-03-23T23:13:55.260Z] >>> [apiv2][(partial)header] GET https://serviceusage.googleapis.com/v1/projects/novlume-mac/services/firebaseio.com x-goog-quota-user=projects/novlume-mac
[debug] [2026-03-23T23:13:55.289Z] Checked if tokens are valid: true, expires at: 1774311233181
[debug] [2026-03-23T23:13:55.289Z] Checked if tokens are valid: true, expires at: 1774311233181
[debug] [2026-03-23T23:13:55.289Z] Checked if tokens are valid: true, expires at: 1774311233181
[debug] [2026-03-23T23:13:55.289Z] Checked if tokens are valid: true, expires at: 1774311233181
[debug] [2026-03-23T23:13:55.290Z] Checked if tokens are valid: true, expires at: 1774311233181
[debug] [2026-03-23T23:13:55.290Z] Checked if tokens are valid: true, expires at: 1774311233181
[debug] [2026-03-23T23:13:55.290Z] Checked if tokens are valid: true, expires at: 1774311233181
[debug] [2026-03-23T23:13:55.290Z] Checked if tokens are valid: true, expires at: 1774311233181
[debug] [2026-03-23T23:13:55.290Z] Checked if tokens are valid: true, expires at: 1774311233181
[debug] [2026-03-23T23:13:55.290Z] Checked if tokens are valid: true, expires at: 1774311233181
[debug] [2026-03-23T23:13:55.291Z] >>> [apiv2][query] GET https://serviceusage.googleapis.com/v1/projects/novlume-mac/services/ [none]
[debug] [2026-03-23T23:13:55.291Z] >>> [apiv2][(partial)header] GET https://serviceusage.googleapis.com/v1/projects/novlume-mac/services/ x-goog-quota-user=projects/novlume-mac
[debug] [2026-03-23T23:13:55.292Z] >>> [apiv2][query] GET https://serviceusage.googleapis.com/v1/projects/novlume-mac/services/firebasedataconnect.googleapis.com [none]
[debug] [2026-03-23T23:13:55.292Z] >>> [apiv2][(partial)header] GET https://serviceusage.googleapis.com/v1/projects/novlume-mac/services/firebasedataconnect.googleapis.com x-goog-quota-user=projects/novlume-mac
[debug] [2026-03-23T23:13:55.293Z] >>> [apiv2][query] GET https://serviceusage.googleapis.com/v1/projects/novlume-mac/services/firebasecrashlytics.googleapis.com [none]
[debug] [2026-03-23T23:13:55.293Z] >>> [apiv2][(partial)header] GET https://serviceusage.googleapis.com/v1/projects/novlume-mac/services/firebasecrashlytics.googleapis.com x-goog-quota-user=projects/novlume-mac
[debug] [2026-03-23T23:13:55.299Z] >>> [apiv2][query] GET https://serviceusage.googleapis.com/v1/projects/novlume-mac/services/firebaseapphosting.googleapis.com [none]
[debug] [2026-03-23T23:13:55.299Z] >>> [apiv2][(partial)header] GET https://serviceusage.googleapis.com/v1/projects/novlume-mac/services/firebaseapphosting.googleapis.com x-goog-quota-user=projects/novlume-mac
[debug] [2026-03-23T23:13:55.301Z] >>> [apiv2][query] GET https://serviceusage.googleapis.com/v1/projects/novlume-mac/services/firebaseio.com [none]
[debug] [2026-03-23T23:13:55.301Z] >>> [apiv2][(partial)header] GET https://serviceusage.googleapis.com/v1/projects/novlume-mac/services/firebaseio.com x-goog-quota-user=projects/novlume-mac
[debug] [2026-03-23T23:13:55.953Z] <<< [apiv2][status] GET https://serviceusage.googleapis.com/v1/projects/novlume-mac/services/firebasecrashlytics.googleapis.com 403
[debug] [2026-03-23T23:13:55.953Z] <<< [apiv2][body] GET https://serviceusage.googleapis.com/v1/projects/novlume-mac/services/firebasecrashlytics.googleapis.com [omitted]
[debug] [2026-03-23T23:13:55.954Z] <<< [apiv2][status] GET https://serviceusage.googleapis.com/v1/projects/novlume-mac/services/firebaseapphosting.googleapis.com 403
[debug] [2026-03-23T23:13:55.954Z] <<< [apiv2][body] GET https://serviceusage.googleapis.com/v1/projects/novlume-mac/services/firebaseapphosting.googleapis.com [omitted]
[debug] [2026-03-23T23:13:55.956Z] <<< [apiv2][status] GET https://serviceusage.googleapis.com/v1/projects/novlume-mac/services/ 403
[debug] [2026-03-23T23:13:55.957Z] <<< [apiv2][body] GET https://serviceusage.googleapis.com/v1/projects/novlume-mac/services/ [omitted]
[debug] [2026-03-23T23:13:55.963Z] <<< [apiv2][status] GET https://serviceusage.googleapis.com/v1/projects/novlume-mac/services/firebasedataconnect.googleapis.com 403
[debug] [2026-03-23T23:13:55.963Z] <<< [apiv2][body] GET https://serviceusage.googleapis.com/v1/projects/novlume-mac/services/firebasedataconnect.googleapis.com [omitted]
[debug] [2026-03-23T23:13:55.967Z] <<< [apiv2][status] GET https://serviceusage.googleapis.com/v1/projects/novlume-mac/services/firebaseio.com 403
[debug] [2026-03-23T23:13:55.967Z] <<< [apiv2][body] GET https://serviceusage.googleapis.com/v1/projects/novlume-mac/services/firebaseio.com [omitted]
[debug] [2026-03-23T23:13:55.987Z] <<< [apiv2][status] GET https://serviceusage.googleapis.com/v1/projects/novlume-mac/services/firebaseapphosting.googleapis.com 403
[debug] [2026-03-23T23:13:55.988Z] <<< [apiv2][body] GET https://serviceusage.googleapis.com/v1/projects/novlume-mac/services/firebaseapphosting.googleapis.com [omitted]
[debug] [2026-03-23T23:13:55.992Z] <<< [apiv2][status] GET https://serviceusage.googleapis.com/v1/projects/novlume-mac/services/firebasecrashlytics.googleapis.com 403
[debug] [2026-03-23T23:13:55.992Z] <<< [apiv2][body] GET https://serviceusage.googleapis.com/v1/projects/novlume-mac/services/firebasecrashlytics.googleapis.com [omitted]
[debug] [2026-03-23T23:13:55.996Z] <<< [apiv2][status] GET https://serviceusage.googleapis.com/v1/projects/novlume-mac/services/firebasedataconnect.googleapis.com 403
[debug] [2026-03-23T23:13:55.996Z] <<< [apiv2][body] GET https://serviceusage.googleapis.com/v1/projects/novlume-mac/services/firebasedataconnect.googleapis.com [omitted]
[debug] [2026-03-23T23:13:56.007Z] <<< [apiv2][status] GET https://serviceusage.googleapis.com/v1/projects/novlume-mac/services/ 403
[debug] [2026-03-23T23:13:56.007Z] <<< [apiv2][body] GET https://serviceusage.googleapis.com/v1/projects/novlume-mac/services/ [omitted]
[debug] [2026-03-23T23:13:56.019Z] <<< [apiv2][status] GET https://serviceusage.googleapis.com/v1/projects/novlume-mac/services/firebaseio.com 403
[debug] [2026-03-23T23:13:56.019Z] <<< [apiv2][body] GET https://serviceusage.googleapis.com/v1/projects/novlume-mac/services/firebaseio.com [omitted]
[debug] [2026-03-23T23:13:56.021Z] > command requires scopes: ["email","openid","https://www.googleapis.com/auth/cloudplatformprojects.readonly","https://www.googleapis.com/auth/firebase","https://www.googleapis.com/auth/cloud-platform"]
[debug] [2026-03-23T23:13:56.021Z] > authorizing via signed-in user (nadirrmarketing@gmail.com)
